Plan hash value: 1172959989                                                     
                                                                                
--------------------------------------------------------------------------------
-------                                                                         
                                                                                
| Id  | Operation            | Name           | Rows  | Bytes | Cost (%CPU)| Tim
e     |                                                                         
                                                                                
--------------------------------------------------------------------------------
-------                                                                         
                                                                                
|   0 | SELECT STATEMENT     |                |     5 |  1120 |  6474   (1)| 00:
01:18 |                                                                         
                                                                                
|*  1 |  HASH JOIN           |                |     5 |  1120 |  6474   (1)| 00:
01:18 |                                                                         
                                                                                
|*  2 |   HASH JOIN          |                |     5 |   620 |  4527   (1)| 00:
00:55 |                                                                         
                                                                                
|*  3 |    HASH JOIN         |                |     5 |   340 |  2850   (1)| 00:
00:35 |                                                                         
                                                                                
|*  4 |     TABLE ACCESS FULL| AUTHORS        |     2 |    50 |   618   (1)| 00:
00:08 |                                                                         
                                                                                
|   5 |     TABLE ACCESS FULL| COLLABORATIONS |  1212K|    49M|  2227   (1)| 00:
00:27 |                                                                         
                                                                                
|   6 |    TABLE ACCESS FULL | FACTS          |   473K|    25M|  1676   (1)| 00:
00:21 |                                                                         
                                                                                
|   7 |   TABLE ACCESS FULL  | PUBLICATIONS1  |   481K|    45M|  1944   (1)| 00:
00:24 |                                                                         
                                                                                
--------------------------------------------------------------------------------
-------                                                                         
                                                                                
                                                                                
Predicate Information (identified by operation id):                             
---------------------------------------------------                             
                                                                                
   1 - access("PUBLICATIONS1"."PUBLICATION_ID"="FACTS"."PUBLICATION_ID")        
   2 - access("FACTS"."SQUAD_ID"="COLLABORATIONS"."SQUAD_ID")                   
   3 - access("COLLABORATIONS"."AUTHOR_ID"="AUTHORS"."AUTHOR_ID")               
   4 - filter("AUTHORS"."LAST_NAME"='Rosenthal')                                
