Plan hash value: 843038533                                                      
                                                                                
--------------------------------------------------------------------------------
------                                                                          
                                                                                
| Id  | Operation            | Name          | Rows  | Bytes | Cost (%CPU)| Time
     |                                                                          
                                                                                
--------------------------------------------------------------------------------
------                                                                          
                                                                                
|   0 | SELECT STATEMENT     |               | 37401 |  4894K|  3623   (1)| 00:0
0:44 |                                                                          
                                                                                
|*  1 |  HASH JOIN RIGHT SEMI|               | 37401 |  4894K|  3623   (1)| 00:0
0:44 |                                                                          
                                                                                
|*  2 |   TABLE ACCESS FULL  | FACTS         | 37258 |  1237K|  1677   (1)| 00:0
0:21 |                                                                          
                                                                                
|   3 |   TABLE ACCESS FULL  | PUBLICATIONS1 |   481K|    45M|  1944   (1)| 00:0
0:24 |                                                                          
                                                                                
--------------------------------------------------------------------------------
------                                                                          
                                                                                
                                                                                
Predicate Information (identified by operation id):                             
---------------------------------------------------                             
                                                                                
   1 - access("PUBLICATION_ID"="PUBLICATION_ID")                                
   2 - filter(TO_NUMBER("DATE_ID")=2008)                                        
