Plan hash value: 2946731326                                                     
                                                                                
--------------------------------------------------------------------------------
-----                                                                           
                                                                                
| Id  | Operation            | Name         | Rows  | Bytes | Cost (%CPU)| Time 
    |                                                                           
                                                                                
--------------------------------------------------------------------------------
-----                                                                           
                                                                                
|   0 | SELECT STATEMENT     |              | 37252 |  4874K|  3593   (1)| 00:00
:44 |                                                                           
                                                                                
|*  1 |  HASH JOIN RIGHT SEMI|              | 37252 |  4874K|  3593   (1)| 00:00
:44 |                                                                           
                                                                                
|*  2 |   TABLE ACCESS FULL  | FACTS        | 37258 |  1237K|  1677   (1)| 00:00
:21 |                                                                           
                                                                                
|   3 |   TABLE ACCESS FULL  | PUBLICATIONS |   481K|    45M|  1914   (1)| 00:00
:23 |                                                                           
                                                                                
--------------------------------------------------------------------------------
-----                                                                           
                                                                                
                                                                                
Predicate Information (identified by operation id):                             
---------------------------------------------------                             
                                                                                
   1 - access("PUBLICATION_ID"="PUBLICATION_ID")                                
   2 - filter(TO_NUMBER("DATE_ID")=2008)                                        
