Plan hash value: 2034792184                                                     
                                                                                
--------------------------------------------------------------------------------
----                                                                            
                                                                                
| Id  | Operation          | Name          | Rows  | Bytes | Cost (%CPU)| Time  
   |                                                                            
                                                                                
--------------------------------------------------------------------------------
----                                                                            
                                                                                
|   0 | SELECT STATEMENT   |               | 37407 |  4895K|  3623   (1)| 00:00:
44 |                                                                            
                                                                                
|*  1 |  HASH JOIN         |               | 37407 |  4895K|  3623   (1)| 00:00:
44 |                                                                            
                                                                                
|*  2 |   TABLE ACCESS FULL| FACTS         | 37258 |  1237K|  1677   (1)| 00:00:
21 |                                                                            
                                                                                
|   3 |   TABLE ACCESS FULL| PUBLICATIONS1 |   481K|    45M|  1944   (1)| 00:00:
24 |                                                                            
                                                                                
--------------------------------------------------------------------------------
----                                                                            
                                                                                
                                                                                
Predicate Information (identified by operation id):                             
---------------------------------------------------                             
                                                                                
   1 - access("PUBLICATIONS1"."PUBLICATION_ID"="FACTS"."PUBLICATION_ID")        
   2 - filter(TO_NUMBER("FACTS"."DATE_ID")=2008)                                
